<?xml version="1.0" encoding="UTF-8"?>
<testng-results ignored="0" total="1" passed="1" failed="0" skipped="0">
  <reporter-output>
  </reporter-output>
  <suite started-at="2024-03-21T18:50:05 IST" name="Default suite" finished-at="2024-03-21T18:51:17 IST" duration-ms="71987">
    <groups>
    </groups>
    <test started-at="2024-03-21T18:50:05 IST" name="Default test" finished-at="2024-03-21T18:51:17 IST" duration-ms="71987">
      <class name="TestCases.TC_Bnak001">
        <test-method is-config="true" signature="setup()[pri:0, instance:TestCases.TC_Bnak001@67c27493]" started-at="2024-03-21T18:50:05 IST" name="setup" finished-at="2024-03-21T18:50:13 IST" duration-ms="8066" status="PASS">
          <reporter-output>
          </reporter-output>
        </test-method> <!-- setup -->
        <test-method signature="Bank()[pri:0, instance:TestCases.TC_Bnak001@67c27493]" started-at="2024-03-21T18:50:13 IST" name="Bank" finished-at="2024-03-21T18:51:16 IST" duration-ms="63458" status="PASS">
          <reporter-output>
          </reporter-output>
        </test-method> <!-- Bank -->
        <test-method is-config="true" signature="teardown()[pri:0, instance:TestCases.TC_Bnak001@67c27493]" started-at="2024-03-21T18:51:16 IST" name="teardown" finished-at="2024-03-21T18:51:17 IST" duration-ms="401" status="PASS">
          <reporter-output>
          </reporter-output>
        </test-method> <!-- teardown -->
      </class> <!-- TestCases.TC_Bnak001 -->
    </test> <!-- Default test -->
  </suite> <!-- Default suite -->
</testng-results>
